[01m[K/home/dheeraj/Documents/lookuptransform/lidar_camera_transform/src/transform_node.cpp:47:30:[m[K [01;31m[Kerror: [m[Kâ€˜[01m[KBuffer[m[Kâ€™ is not a member of â€˜[01m[Ktf2_ros[m[Kâ€™
   47 |     std::shared_ptr<tf2_ros::[01;31m[KBuffer[m[K> tf_buffer_;
      |                              [01;31m[K^~~~~~[m[K
[01m[K/home/dheeraj/Documents/lookuptransform/lidar_camera_transform/src/transform_node.cpp:47:36:[m[K [01;31m[Kerror: [m[Ktemplate argument 1 is invalid
   47 |     std::shared_ptr<tf2_ros::Buffer[01;31m[K>[m[K tf_buffer_;
      |                                    [01;31m[K^[m[K
[01m[K/home/dheeraj/Documents/lookuptransform/lidar_camera_transform/src/transform_node.cpp:[m[K In constructor â€˜[01m[KTransformNode::TransformNode()[m[Kâ€™:
[01m[K/home/dheeraj/Documents/lookuptransform/lidar_camera_transform/src/transform_node.cpp:14:48:[m[K [01;31m[Kerror: [m[Kâ€˜[01m[KBuffer[m[Kâ€™ is not a member of â€˜[01m[Ktf2_ros[m[Kâ€™
   14 |         tf_buffer_ = std::make_shared<tf2_ros::[01;31m[KBuffer[m[K>(this->get_clock());
      |                                                [01;31m[K^~~~~~[m[K
[01m[K/home/dheeraj/Documents/lookuptransform/lidar_camera_transform/src/transform_node.cpp:14:55:[m[K [01;31m[Kerror: [m[Kno matching function for call to â€˜[01m[Kmake_shared<<expression error> >(rclcpp::Clock::SharedPtr)[m[Kâ€™
   14 |         tf_buffer_ = [01;31m[Kstd::make_shared<tf2_ros::Buffer>(this->get_clock())[m[K;
      |                      [01;31m[K~~~~~~~~~~~~~~~~~~~~~~~~~~~~~~~~~^~~~~~~~~~~~~~~~~~~[m[K
In file included from [01m[K/usr/include/c++/11/memory:77[m[K,
                 from [01m[K/opt/ros/humble/include/rclcpp/rclcpp/rclcpp.hpp:153[m[K,
                 from [01m[K/home/dheeraj/Documents/lookuptransform/lidar_camera_transform/src/transform_node.cpp:1[m[K:
[01m[K/usr/include/c++/11/bits/shared_ptr.h:875:5:[m[K [01;36m[Knote: [m[Kcandidate: â€˜[01m[Ktemplate<class _Tp, class ... _Args> std::shared_ptr<_Tp> std::make_shared(_Args&& ...)[m[Kâ€™
  875 |     [01;36m[Kmake_shared[m[K(_Args&&... __args)
      |     [01;36m[K^~~~~~~~~~~[m[K
[01m[K/usr/include/c++/11/bits/shared_ptr.h:875:5:[m[K [01;36m[Knote: [m[K  template argument deduction/substitution failed:
[01m[K/home/dheeraj/Documents/lookuptransform/lidar_camera_transform/src/transform_node.cpp:14:55:[m[K [01;31m[Kerror: [m[Ktemplate argument 1 is invalid
   14 |         tf_buffer_ = [01;31m[Kstd::make_shared<tf2_ros::Buffer>(this->get_clock())[m[K;
      |                      [01;31m[K~~~~~~~~~~~~~~~~~~~~~~~~~~~~~~~~~^~~~~~~~~~~~~~~~~~~[m[K
[01m[K/home/dheeraj/Documents/lookuptransform/lidar_camera_transform/src/transform_node.cpp:15:69:[m[K [01;31m[Kerror: [m[Kinvalid type argument of unary â€˜[01m[K*[m[Kâ€™ (have â€˜[01m[Kint[m[Kâ€™)
   15 |         tf_listener_ = std::make_shared<tf2_ros::TransformListener>([01;31m[K*tf_buffer_[m[K);
      |                                                                     [01;31m[K^~~~~~~~~~~[m[K
[01m[K/home/dheeraj/Documents/lookuptransform/lidar_camera_transform/src/transform_node.cpp:[m[K In member function â€˜[01m[Kvoid TransformNode::lookup_transform()[m[Kâ€™:
[01m[K/home/dheeraj/Documents/lookuptransform/lidar_camera_transform/src/transform_node.cpp:30:72:[m[K [01;31m[Kerror: [m[Kbase operand of â€˜[01m[K->[m[Kâ€™ is not a pointer
   30 |             geometry_msgs::msg::TransformStamped transform = tf_buffer_[01;31m[K->[m[KlookupTransform(
      |                                                                        [01;31m[K^~[m[K
gmake[2]: *** [CMakeFiles/transform_node.dir/build.make:76: CMakeFiles/transform_node.dir/src/transform_node.cpp.o] Error 1
gmake[1]: *** [CMakeFiles/Makefile2:137: CMakeFiles/transform_node.dir/all] Error 2
gmake: *** [Makefile:146: all] Error 2
