[0.008s] Invoking command in '/home/dheeraj/Documents/lookuptransform/lidar_camera_transform/build/lidar_camera_transform': CMAKE_PREFIX_PATH=/opt/ros/humble /usr/bin/cmake /home/dheeraj/Documents/lookuptransform/lidar_camera_transform -DCMAKE_INSTALL_PREFIX=/home/dheeraj/Documents/lookuptransform/lidar_camera_transform/install/lidar_camera_transform
[0.106s] -- The C compiler identification is GNU 11.4.0
[0.160s] -- The CXX compiler identification is GNU 11.4.0
[0.168s] -- Detecting C compiler ABI info
[0.241s] -- Detecting C compiler ABI info - done
[0.251s] -- Check for working C compiler: /usr/bin/cc - skipped
[0.251s] -- Detecting C compile features
[0.251s] -- Detecting C compile features - done
[0.255s] -- Detecting CXX compiler ABI info
[0.332s] -- Detecting CXX compiler ABI info - done
[0.346s] -- Check for working CXX compiler: /usr/bin/c++ - skipped
[0.346s] -- Detecting CXX compile features
[0.347s] -- Detecting CXX compile features - done
[0.373s] -- Found ament_cmake: 1.3.9 (/opt/ros/humble/share/ament_cmake/cmake)
[0.612s] -- Found Python3: /usr/bin/python3 (found version "3.10.12") found components: Interpreter 
[0.814s] -- Found rclcpp: 16.0.9 (/opt/ros/humble/share/rclcpp/cmake)
[1.030s] -- Found rosidl_generator_c: 3.1.5 (/opt/ros/humble/share/rosidl_generator_c/cmake)
[1.062s] -- Found rosidl_adapter: 3.1.5 (/opt/ros/humble/share/rosidl_adapter/cmake)
[1.100s] -- Found rosidl_generator_cpp: 3.1.5 (/opt/ros/humble/share/rosidl_generator_cpp/cmake)
[1.128s] -- Using all available rosidl_typesupport_c: rosidl_typesupport_fastrtps_c;rosidl_typesupport_introspection_c
[1.165s] -- Using all available rosidl_typesupport_cpp: rosidl_typesupport_fastrtps_cpp;rosidl_typesupport_introspection_cpp
[1.307s] -- Found rmw_implementation_cmake: 6.1.2 (/opt/ros/humble/share/rmw_implementation_cmake/cmake)
[1.328s] -- Found rmw_fastrtps_cpp: 6.2.6 (/opt/ros/humble/share/rmw_fastrtps_cpp/cmake)
[1.581s] -- Found OpenSSL: /usr/lib/x86_64-linux-gnu/libcrypto.so (found version "3.0.2")  
[1.639s] -- Found FastRTPS: /opt/ros/humble/include  
[1.694s] -- Using RMW implementation 'rmw_fastrtps_cpp' as default
[1.752s] -- Looking for pthread.h
[1.910s] -- Looking for pthread.h - found
[1.911s] -- Performing Test CMAKE_HAVE_LIBC_PTHREAD
[2.075s] -- Performing Test CMAKE_HAVE_LIBC_PTHREAD - Success
[2.076s] -- Found Threads: TRUE  
[2.409s] -- Found tf2_ros: 0.25.7 (/opt/ros/humble/share/tf2_ros/cmake)
[3.010s] -- Found ament_lint_auto: 0.12.11 (/opt/ros/humble/share/ament_lint_auto/cmake)
[3.192s] -- Added test 'cppcheck' to perform static code analysis on C / C++ code
[3.192s] -- Configured cppcheck include dirs: /home/dheeraj/Documents/lookuptransform/lidar_camera_transform/include
[3.192s] -- Configured cppcheck exclude dirs and/or files: 
[3.196s] -- Added test 'lint_cmake' to check CMake code style
[3.203s] -- Added test 'uncrustify' to check C / C++ code style
[3.203s] -- Configured uncrustify additional arguments: 
[3.205s] -- Added test 'xmllint' to check XML markup files
[3.206s] -- Configuring done
[3.218s] -- Generating done
[3.221s] -- Build files have been written to: /home/dheeraj/Documents/lookuptransform/lidar_camera_transform/build/lidar_camera_transform
[3.233s] Invoked command in '/home/dheeraj/Documents/lookuptransform/lidar_camera_transform/build/lidar_camera_transform' returned '0': CMAKE_PREFIX_PATH=/opt/ros/humble /usr/bin/cmake /home/dheeraj/Documents/lookuptransform/lidar_camera_transform -DCMAKE_INSTALL_PREFIX=/home/dheeraj/Documents/lookuptransform/lidar_camera_transform/install/lidar_camera_transform
[3.233s] Invoking command in '/home/dheeraj/Documents/lookuptransform/lidar_camera_transform/build/lidar_camera_transform': CMAKE_PREFIX_PATH=/opt/ros/humble /usr/bin/cmake --build /home/dheeraj/Documents/lookuptransform/lidar_camera_transform/build/lidar_camera_transform -- -j12 -l12
[3.277s] [ 50%] [32mBuilding CXX object CMakeFiles/transform_node.dir/src/transform_node.cpp.o[0m
[6.401s] [01m[K/home/dheeraj/Documents/lookuptransform/lidar_camera_transform/src/transform_node.cpp:47:30:[m[K [01;31m[Kerror: [m[Kâ€˜[01m[KBuffer[m[Kâ€™ is not a member of â€˜[01m[Ktf2_ros[m[Kâ€™
[6.401s]    47 |     std::shared_ptr<tf2_ros::[01;31m[KBuffer[m[K> tf_buffer_;
[6.401s]       |                              [01;31m[K^~~~~~[m[K
[6.401s] [01m[K/home/dheeraj/Documents/lookuptransform/lidar_camera_transform/src/transform_node.cpp:47:36:[m[K [01;31m[Kerror: [m[Ktemplate argument 1 is invalid
[6.401s]    47 |     std::shared_ptr<tf2_ros::Buffer[01;31m[K>[m[K tf_buffer_;
[6.401s]       |                                    [01;31m[K^[m[K
[6.404s] [01m[K/home/dheeraj/Documents/lookuptransform/lidar_camera_transform/src/transform_node.cpp:[m[K In constructor â€˜[01m[KTransformNode::TransformNode()[m[Kâ€™:
[6.404s] [01m[K/home/dheeraj/Documents/lookuptransform/lidar_camera_transform/src/transform_node.cpp:14:48:[m[K [01;31m[Kerror: [m[Kâ€˜[01m[KBuffer[m[Kâ€™ is not a member of â€˜[01m[Ktf2_ros[m[Kâ€™
[6.404s]    14 |         tf_buffer_ = std::make_shared<tf2_ros::[01;31m[KBuffer[m[K>(this->get_clock());
[6.404s]       |                                                [01;31m[K^~~~~~[m[K
[6.404s] [01m[K/home/dheeraj/Documents/lookuptransform/lidar_camera_transform/src/transform_node.cpp:14:55:[m[K [01;31m[Kerror: [m[Kno matching function for call to â€˜[01m[Kmake_shared<<expression error> >(rclcpp::Clock::SharedPtr)[m[Kâ€™
[6.404s]    14 |         tf_buffer_ = [01;31m[Kstd::make_shared<tf2_ros::Buffer>(this->get_clock())[m[K;
[6.405s]       |                      [01;31m[K~~~~~~~~~~~~~~~~~~~~~~~~~~~~~~~~~^~~~~~~~~~~~~~~~~~~[m[K
[6.405s] In file included from [01m[K/usr/include/c++/11/memory:77[m[K,
[6.405s]                  from [01m[K/opt/ros/humble/include/rclcpp/rclcpp/rclcpp.hpp:153[m[K,
[6.405s]                  from [01m[K/home/dheeraj/Documents/lookuptransform/lidar_camera_transform/src/transform_node.cpp:1[m[K:
[6.405s] [01m[K/usr/include/c++/11/bits/shared_ptr.h:875:5:[m[K [01;36m[Knote: [m[Kcandidate: â€˜[01m[Ktemplate<class _Tp, class ... _Args> std::shared_ptr<_Tp> std::make_shared(_Args&& ...)[m[Kâ€™
[6.405s]   875 |     [01;36m[Kmake_shared[m[K(_Args&&... __args)
[6.405s]       |     [01;36m[K^~~~~~~~~~~[m[K
[6.405s] [01m[K/usr/include/c++/11/bits/shared_ptr.h:875:5:[m[K [01;36m[Knote: [m[K  template argument deduction/substitution failed:
[6.405s] [01m[K/home/dheeraj/Documents/lookuptransform/lidar_camera_transform/src/transform_node.cpp:14:55:[m[K [01;31m[Kerror: [m[Ktemplate argument 1 is invalid
[6.405s]    14 |         tf_buffer_ = [01;31m[Kstd::make_shared<tf2_ros::Buffer>(this->get_clock())[m[K;
[6.405s]       |                      [01;31m[K~~~~~~~~~~~~~~~~~~~~~~~~~~~~~~~~~^~~~~~~~~~~~~~~~~~~[m[K
[6.405s] [01m[K/home/dheeraj/Documents/lookuptransform/lidar_camera_transform/src/transform_node.cpp:15:69:[m[K [01;31m[Kerror: [m[Kinvalid type argument of unary â€˜[01m[K*[m[Kâ€™ (have â€˜[01m[Kint[m[Kâ€™)
[6.405s]    15 |         tf_listener_ = std::make_shared<tf2_ros::TransformListener>([01;31m[K*tf_buffer_[m[K);
[6.405s]       |                                                                     [01;31m[K^~~~~~~~~~~[m[K
[6.411s] [01m[K/home/dheeraj/Documents/lookuptransform/lidar_camera_transform/src/transform_node.cpp:[m[K In member function â€˜[01m[Kvoid TransformNode::lookup_transform()[m[Kâ€™:
[6.411s] [01m[K/home/dheeraj/Documents/lookuptransform/lidar_camera_transform/src/transform_node.cpp:30:72:[m[K [01;31m[Kerror: [m[Kbase operand of â€˜[01m[K->[m[Kâ€™ is not a pointer
[6.411s]    30 |             geometry_msgs::msg::TransformStamped transform = tf_buffer_[01;31m[K->[m[KlookupTransform(
[6.411s]       |                                                                        [01;31m[K^~[m[K
[6.975s] gmake[2]: *** [CMakeFiles/transform_node.dir/build.make:76: CMakeFiles/transform_node.dir/src/transform_node.cpp.o] Error 1
[6.975s] gmake[1]: *** [CMakeFiles/Makefile2:137: CMakeFiles/transform_node.dir/all] Error 2
[6.975s] gmake: *** [Makefile:146: all] Error 2
[6.977s] Invoked command in '/home/dheeraj/Documents/lookuptransform/lidar_camera_transform/build/lidar_camera_transform' returned '2': CMAKE_PREFIX_PATH=/opt/ros/humble /usr/bin/cmake --build /home/dheeraj/Documents/lookuptransform/lidar_camera_transform/build/lidar_camera_transform -- -j12 -l12
